<?xml version="1.0" encoding="UTF-8"?>
<!-- Generated by org.testng.reporters.JUnitReportReporter -->
<testsuite hostname="DESKTOP-OMOC5AD" failures="0" tests="2" name="com.pos.testcases.CreateNewCutomer" time="65.237" errors="0" timestamp="2024-03-04T14:02:51 JST" skipped="0">
  <testcase classname="com.pos.testcases.CreateNewCutomer" name="runLogin" time="34.820"/>
  <system-out/>
  <testcase classname="com.pos.testcases.CreateNewCutomer" name="runLogin" time="30.417"/>
  <system-out/>
</testsuite> <!-- com.pos.testcases.CreateNewCutomer -->
